# JRE version: OpenJDK Runtime Environment Corretto-17.0.4.9.1 (17.0.4.1+9) (build 17.0.4.1+9-LTS)
# Java VM: OpenJDK 64-Bit Server VM Corretto-17.0.4.9.1 (17.0.4.1+9-LTS, mixed mode, emulated-client, sharing, tiered, compressed oops, compressed class ptrs, g1 gc, windows-amd64)
GC Precious Log:
 CPUs: 8 total, 8 available
 Memory: 16173M
 Large Page Support: Disabled
 NUMA Support: Disabled
 Compressed Oops: Enabled (Zero based)
 Heap Region Size: 2M
 Heap Min Capacity: 8M
 Heap Initial Capacity: 254M
 Heap Max Capacity: 4044M
 Pre-touch: Disabled
 Parallel Workers: 8
 Concurrent Workers: 2
 Concurrent Refinement Workers: 8
 Periodic GC: Disabled
Heap:
 garbage-first heap   total 90112K, used 48336K [0x0000000703400000, 0x0000000800000000)
  region size 2048K, 12 young (24576K), 2 survivors (4096K)
 Metaspace       used 52113K, committed 52672K, reserved 1097728K
  class space    used 7427K, committed 7680K, reserved 1048576K
GC Heap History (20 events):
Event: 2.720 GC heap before
{Heap before GC invocations=3 (full 0):
 garbage-first heap   total 260096K, used 46124K [0x0000000703400000, 0x0000000800000000)
  region size 2048K, 20 young (40960K), 3 survivors (6144K)
 Metaspace       used 21189K, committed 21504K, reserved 1073152K
  class space    used 2820K, committed 2944K, reserved 1048576K
}
Event: 2.724 GC heap after
{Heap after GC invocations=4 (full 0):
 garbage-first heap   total 260096K, used 14818K [0x0000000703400000, 0x0000000800000000)
  region size 2048K, 4 young (8192K), 4 survivors (8192K)
 Metaspace       used 21189K, committed 21504K, reserved 1073152K
  class space    used 2820K, committed 2944K, reserved 1048576K
}
Event: 3.091 GC heap before
{Heap before GC invocations=5 (full 0):
 garbage-first heap   total 69632K, used 47586K [0x0000000703400000, 0x0000000800000000)
  region size 2048K, 20 young (40960K), 4 survivors (8192K)
 Metaspace       used 24747K, committed 25088K, reserved 1073152K
  class space    used 3403K, committed 3584K, reserved 1048576K
}
Event: 3.099 GC heap after
{Heap after GC invocations=6 (full 0):
 garbage-first heap   total 69632K, used 17110K [0x0000000703400000, 0x0000000800000000)
  region size 2048K, 3 young (6144K), 3 survivors (6144K)
 Metaspace       used 24747K, committed 25088K, reserved 1073152K
  class space    used 3403K, committed 3584K, reserved 1048576K
}
Event: 3.130 GC heap before
{Heap before GC invocations=6 (full 0):
 garbage-first heap   total 69632K, used 17110K [0x0000000703400000, 0x0000000800000000)
  region size 2048K, 4 young (8192K), 3 survivors (6144K)
 Metaspace       used 25227K, committed 25600K, reserved 1073152K
  class space    used 3454K, committed 3648K, reserved 1048576K
}
Event: 3.134 GC heap after
{Heap after GC invocations=7 (full 0):
 garbage-first heap   total 69632K, used 17654K [0x0000000703400000, 0x0000000800000000)
  region size 2048K, 1 young (2048K), 1 survivors (2048K)
 Metaspace       used 25227K, committed 25600K, reserved 1073152K
  class space    used 3454K, committed 3648K, reserved 1048576K
}
Event: 3.402 GC heap before
{Heap before GC invocations=7 (full 0):
 garbage-first heap   total 69632K, used 44278K [0x0000000703400000, 0x0000000800000000)
  region size 2048K, 14 young (28672K), 1 survivors (2048K)
 Metaspace       used 28255K, committed 28608K, reserved 1081344K
  class space    used 3846K, committed 4032K, reserved 1048576K
}
Event: 3.408 GC heap after
{Heap after GC invocations=8 (full 0):
 garbage-first heap   total 69632K, used 18601K [0x0000000703400000, 0x0000000800000000)
  region size 2048K, 1 young (2048K), 1 survivors (2048K)
 Metaspace       used 28255K, committed 28608K, reserved 1081344K
  class space    used 3846K, committed 4032K, reserved 1048576K
}
Event: 3.638 GC heap before
{Heap before GC invocations=8 (full 0):
 garbage-first heap   total 69632K, used 47273K [0x0000000703400000, 0x0000000800000000)
  region size 2048K, 15 young (30720K), 1 survivors (2048K)
 Metaspace       used 29958K, committed 30336K, reserved 1081344K
  class space    used 4106K, committed 4288K, reserved 1048576K
}
Event: 3.642 GC heap after
{Heap after GC invocations=9 (full 0):
 garbage-first heap   total 104448K, used 19766K [0x0000000703400000, 0x0000000800000000)
  region size 2048K, 2 young (4096K), 2 survivors (4096K)
 Metaspace       used 29958K, committed 30336K, reserved 1081344K
  class space    used 4106K, committed 4288K, reserved 1048576K
}
Event: 4.073 GC heap before
{Heap before GC invocations=9 (full 0):
 garbage-first heap   total 104448K, used 66870K [0x0000000703400000, 0x0000000800000000)
  region size 2048K, 26 young (53248K), 2 survivors (4096K)
 Metaspace       used 35526K, committed 35968K, reserved 1081344K
  class space    used 4939K, committed 5184K, reserved 1048576K
}
Event: 4.077 GC heap after
{Heap after GC invocations=10 (full 0):
 garbage-first heap   total 104448K, used 22435K [0x0000000703400000, 0x0000000800000000)
  region size 2048K, 3 young (6144K), 3 survivors (6144K)
 Metaspace       used 35526K, committed 35968K, reserved 1081344K
  class space    used 4939K, committed 5184K, reserved 1048576K
}
Event: 5.010 GC heap before
{Heap before GC invocations=11 (full 0):
 garbage-first heap   total 90112K, used 69539K [0x0000000703400000, 0x0000000800000000)
  region size 2048K, 26 young (53248K), 3 survivors (6144K)
 Metaspace       used 40843K, committed 41280K, reserved 1089536K
  class space    used 5810K, committed 6016K, reserved 1048576K
}
Event: 5.016 GC heap after
{Heap after GC invocations=12 (full 0):
 garbage-first heap   total 90112K, used 26087K [0x0000000703400000, 0x0000000800000000)
  region size 2048K, 4 young (8192K), 4 survivors (8192K)
 Metaspace       used 40843K, committed 41280K, reserved 1089536K
  class space    used 5810K, committed 6016K, reserved 1048576K
}
Event: 5.036 GC heap before
{Heap before GC invocations=12 (full 0):
 garbage-first heap   total 90112K, used 28135K [0x0000000703400000, 0x0000000800000000)
  region size 2048K, 5 young (10240K), 4 survivors (8192K)
 Metaspace       used 40943K, committed 41344K, reserved 1089536K
  class space    used 5831K, committed 6016K, reserved 1048576K
}
Event: 5.041 GC heap after
{Heap after GC invocations=13 (full 0):
 garbage-first heap   total 90112K, used 26920K [0x0000000703400000, 0x0000000800000000)
  region size 2048K, 1 young (2048K), 1 survivors (2048K)
 Metaspace       used 40943K, committed 41344K, reserved 1089536K
  class space    used 5831K, committed 6016K, reserved 1048576K
}
Event: 5.393 GC heap before
{Heap before GC invocations=13 (full 0):
 garbage-first heap   total 90112K, used 67880K [0x0000000703400000, 0x0000000800000000)
  region size 2048K, 21 young (43008K), 1 survivors (2048K)
 Metaspace       used 45287K, committed 45696K, reserved 1089536K
  class space    used 6419K, committed 6592K, reserved 1048576K
}
Event: 5.397 GC heap after
{Heap after GC invocations=14 (full 0):
 garbage-first heap   total 90112K, used 29708K [0x0000000703400000, 0x0000000800000000)
  region size 2048K, 2 young (4096K), 2 survivors (4096K)
 Metaspace       used 45287K, committed 45696K, reserved 1089536K
  class space    used 6419K, committed 6592K, reserved 1048576K
}
Event: 929.020 GC heap before
{Heap before GC invocations=14 (full 0):
 garbage-first heap   total 90112K, used 66572K [0x0000000703400000, 0x0000000800000000)
  region size 2048K, 20 young (40960K), 2 survivors (4096K)
 Metaspace       used 49941K, committed 50432K, reserved 1097728K
  class space    used 7062K, committed 7296K, reserved 1048576K
}
Event: 929.027 GC heap after
{Heap after GC invocations=15 (full 0):
 garbage-first heap   total 90112K, used 31952K [0x0000000703400000, 0x0000000800000000)
  region size 2048K, 2 young (4096K), 2 survivors (4096K)
 Metaspace       used 49941K, committed 50432K, reserved 1097728K
  class space    used 7062K, committed 7296K, reserved 1048576K
}

